<?xml version="1.0" encoding="UTF-8"?>
<!-- Generated by org.testng.reporters.JUnitReportReporter -->
<testsuite hostname="LHR-ISKY-MRosull" failures="0" tests="29" name="org.amazon.test.TVCategoryTest" time="4.183" errors="0" timestamp="2022-12-12T15:18:45 PKT" skipped="0">
  <testcase classname="org.amazon.test.TVCategoryTest" name="verifyTVCategoryURL" time="2.719"/>
  <system-out/>
  <testcase classname="org.amazon.test.TVCategoryTest" name="verifyTVCategoryTitle" time="0.994"/>
  <system-out/>
  <testcase classname="org.amazon.test.TVCategoryTest" name="verifySubOptionsCountTV" time="0.119"/>
  <system-out/>
  <testcase classname="org.amazon.test.TVCategoryTest" name="verifySubOptionsTV1" time="0.090"/>
  <system-out/>
  <testcase classname="org.amazon.test.TVCategoryTest" name="verifySubOptionsTV2" time="0.039"/>
  <system-out/>
  <testcase classname="org.amazon.test.TVCategoryTest" name="verifySubOptionsTV3" time="0.031"/>
  <system-out/>
  <testcase classname="org.amazon.test.TVCategoryTest" name="verifySubOptionsTV4" time="0.019"/>
  <system-out/>
  <testcase classname="org.amazon.test.TVCategoryTest" name="verifyResolutionHeaderAvailability" time="0.016"/>
  <system-out/>
  <testcase classname="org.amazon.test.TVCategoryTest" name="verifyAvailabilityCheck_8kResolution" time="0.010"/>
  <system-out/>
  <testcase classname="org.amazon.test.TVCategoryTest" name="verifyAvailabilityCheck_4kResolution" time="0.015"/>
  <system-out/>
  <testcase classname="org.amazon.test.TVCategoryTest" name="verifyAvailabilityCheck_1080pResolution" time="0.004"/>
  <system-out/>
  <testcase classname="org.amazon.test.TVCategoryTest" name="verifyAvailabilityCheck_768pResolution" time="0.005"/>
  <system-out/>
  <testcase classname="org.amazon.test.TVCategoryTest" name="verifyAvailabilityCheck_720pResolution" time="0.004"/>
  <system-out/>
  <testcase classname="org.amazon.test.TVCategoryTest" name="verifyAvailabilityCheck_480pResolution" time="0.004"/>
  <system-out/>
  <testcase classname="org.amazon.test.TVCategoryTest" name="verifyAvailabilityCheck_Year2022" time="0.008"/>
  <system-out/>
  <testcase classname="org.amazon.test.TVCategoryTest" name="verifyAvailabilityCheck_Year2021" time="0.009"/>
  <system-out/>
  <testcase classname="org.amazon.test.TVCategoryTest" name="verifyAvailabilityCheck_Year2020" time="0.008"/>
  <system-out/>
  <testcase classname="org.amazon.test.TVCategoryTest" name="verifyAvailabilityCheck_Year2019" time="0.011"/>
  <system-out/>
  <testcase classname="org.amazon.test.TVCategoryTest" name="verifyAvailabilityCheck_Year2018" time="0.019"/>
  <system-out/>
  <testcase classname="org.amazon.test.TVCategoryTest" name="verifyAvailabilityCheck_Year2017" time="0.013"/>
  <system-out/>
  <testcase classname="org.amazon.test.TVCategoryTest" name="verifyAvailabilityCheck_Year2016" time="0.003"/>
  <system-out/>
  <testcase classname="org.amazon.test.TVCategoryTest" name="verifyAvailabilityCheck_SmartTVPlatform" time="0.012"/>
  <system-out/>
  <testcase classname="org.amazon.test.TVCategoryTest" name="verifyAvailabilityCheck_PlatformAndroid" time="0.004"/>
  <system-out/>
  <testcase classname="org.amazon.test.TVCategoryTest" name="verifyAvailabilityCheck_PlatformFireOS" time="0.006"/>
  <system-out/>
  <testcase classname="org.amazon.test.TVCategoryTest" name="verifyAvailabilityCheck_PlatformHomeOS" time="0.003"/>
  <system-out/>
  <testcase classname="org.amazon.test.TVCategoryTest" name="verifyAvailabilityCheck_PlatformTizen" time="0.003"/>
  <system-out/>
  <testcase classname="org.amazon.test.TVCategoryTest" name="verifyAvailabilityCheck_PlatformWebOS" time="0.007"/>
  <system-out/>
  <testcase classname="org.amazon.test.TVCategoryTest" name="verifyAvailabilityCheckBrandMI" time="0.004"/>
  <system-out/>
  <testcase classname="org.amazon.test.TVCategoryTest" name="verifyAvailabilityCheckBrandSamsung" time="0.004"/>
  <system-out/>
</testsuite> <!-- org.amazon.test.TVCategoryTest -->
