<?xml version="1.0" encoding="UTF-8"?>
<!-- Generated by org.testng.reporters.JUnitReportReporter -->
<testsuite hostname="LHR-ISKY-MRosull" failures="0" tests="4" name="org.amazon.test.HomeTest" time="1.968" errors="0" timestamp="2022-12-12T15:18:45 PKT" skipped="0">
  <testcase classname="org.amazon.test.HomeTest" name="verifyURL" time="0.004"/>
  <system-out/>
  <testcase classname="org.amazon.test.HomeTest" name="verifyTitle" time="0.008"/>
  <system-out/>
  <testcase classname="org.amazon.test.HomeTest" name="verifySearchDropDownValues" time="0.109"/>
  <system-out/>
  <testcase classname="org.amazon.test.HomeTest" name="verifyScrollToTV" time="1.847"/>
  <system-out/>
</testsuite> <!-- org.amazon.test.HomeTest -->
